<?xml version="1.0" encoding="UTF-8"?>
<testng-results ignored="0" total="1" passed="0" failed="1" skipped="0">
  <reporter-output>
  </reporter-output>
  <suite started-at="2025-11-27T12:18:25 IST" name="Default suite" finished-at="2025-11-27T12:18:26 IST" duration-ms="1368">
    <groups>
      <group name="cucumber">
        <method signature="AbstractTestNGCucumberTests.runScenario(io.cucumber.testng.PickleWrapper,io.cucumber.testng.FeatureWrapper)[pri:0, instance:com.Capium.PracticeManagement.runFiles.Login_runner@2002fc1d]" name="runScenario" class="io.cucumber.testng.AbstractTestNGCucumberTests"/>
      </group> <!-- cucumber -->
    </groups>
    <test started-at="2025-11-27T12:18:25 IST" name="Default test" finished-at="2025-11-27T12:18:26 IST" duration-ms="1368">
      <class name="com.Capium.PracticeManagement.runFiles.Login_runner">
        <test-method is-config="true" signature="setUpClass(org.testng.ITestContext)[pri:0, instance:com.Capium.PracticeManagement.runFiles.Login_runner@2002fc1d]" started-at="2025-11-27T12:18:25 IST" name="setUpClass" finished-at="2025-11-27T12:18:26 IST" duration-ms="858" status="PASS">
          <params>
            <param index="0">
              <value>
                <![CDATA[org.testng.TestRunner@5972d253]]>
              </value>
            </param>
          </params>
          <reporter-output>
          </reporter-output>
        </test-method> <!-- setUpClass -->
        <test-method signature="runScenario(io.cucumber.testng.PickleWrapper,io.cucumber.testng.FeatureWrapper)[pri:0, instance:com.Capium.PracticeManagement.runFiles.Login_runner@2002fc1d]" started-at="2025-11-27T12:18:26 IST" name="runScenario" description="Runs Cucumber Scenarios" data-provider="scenarios" finished-at="2025-11-27T12:18:26 IST" duration-ms="364" status="FAIL">
          <params>
            <param index="0">
              <value>
                <![CDATA["Login page"]]>
              </value>
            </param>
            <param index="1">
              <value>
                <![CDATA["login into Application"]]>
              </value>
            </param>
          </params>
          <exception class="java.lang.NullPointerException">
            <message>
              <![CDATA[Cannot invoke "org.openqa.selenium.WebDriver.get(String)" because the return value of "com.Capium.Utilities.HelperClass.getDriver()" is null]]>
            </message>
            <full-stacktrace>
              <![CDATA[java.lang.NullPointerException: Cannot invoke "org.openqa.selenium.WebDriver.get(String)" because the return value of "com.Capium.Utilities.HelperClass.getDriver()" is null
at com.Capium.Utilities.HelperClass.openPage(HelperClass.java:74)
at com.Capium.PracticeManagement.stepFiles.Login_Stepdef.enter_the_application_url(Login_Stepdef.java:35)
at ✽.Enter the application URL "URL"(file:///C:/Users/user/Capium/PracticeManagement/src/test/resources/Features/LoginPage.feature:5)
]]>
            </full-stacktrace>
          </exception> <!-- java.lang.NullPointerException -->
          <reporter-output>
          </reporter-output>
        </test-method> <!-- runScenario -->
        <test-method is-config="true" signature="tearDownClass()[pri:0, instance:com.Capium.PracticeManagement.runFiles.Login_runner@2002fc1d]" started-at="2025-11-27T12:18:26 IST" name="tearDownClass" finished-at="2025-11-27T12:18:26 IST" duration-ms="87" status="PASS">
          <reporter-output>
          </reporter-output>
        </test-method> <!-- tearDownClass -->
      </class> <!-- com.Capium.PracticeManagement.runFiles.Login_runner -->
    </test> <!-- Default test -->
  </suite> <!-- Default suite -->
</testng-results>
