<?xml version="1.0" encoding="UTF-8"?>
<!-- Generated by org.testng.reporters.JUnitReportReporter -->
<testsuite hostname="DESKTOP-3PKNHUN" failures="0" tests="1" name="com.Capium.PracticeManagement.runFiles.Login_runner" time="0.364" errors="1" timestamp="2025-11-27T12:18:26 IST" skipped="0">
  <testcase classname="com.Capium.PracticeManagement.runFiles.Login_runner" name="runScenario" time="0.364">
    <error message="Cannot invoke &quot;org.openqa.selenium.WebDriver.get(String)&quot; because the return value of &quot;com.Capium.Utilities.HelperClass.getDriver()&quot; is null" type="java.lang.NullPointerException">
      <![CDATA[java.lang.NullPointerException: Cannot invoke "org.openqa.selenium.WebDriver.get(String)" because the return value of "com.Capium.Utilities.HelperClass.getDriver()" is null
at com.Capium.Utilities.HelperClass.openPage(HelperClass.java:74)
at com.Capium.PracticeManagement.stepFiles.Login_Stepdef.enter_the_application_url(Login_Stepdef.java:35)
at ✽.Enter the application URL "URL"(file:///C:/Users/user/Capium/PracticeManagement/src/test/resources/Features/LoginPage.feature:5)
]]>
    </error>
  </testcase> <!-- runScenario -->
</testsuite> <!-- com.Capium.PracticeManagement.runFiles.Login_runner -->
