<?xml version="1.0" encoding="UTF-8"?>
<!-- Generated by org.testng.reporters.JUnitXMLReporter -->
<testsuite ignored="0" hostname="DESKTOP-3PKNHUN" failures="1" tests="1" name="Default test" time="1.368" errors="0" timestamp="2025-11-27T12:18:26 IST">
  <testcase classname="io.cucumber.testng.AbstractTestNGCucumberTests" name="runScenario" time="0.364">
    <failure type="java.lang.NullPointerException" message="Cannot invoke &amp;quot;org.openqa.selenium.WebDriver.get(String)&amp;quot; because the return value of &amp;quot;com.Capium.Utilities.HelperClass.getDriver()&amp;quot; is null">
      <![CDATA[java.lang.NullPointerException: Cannot invoke "org.openqa.selenium.WebDriver.get(String)" because the return value of "com.Capium.Utilities.HelperClass.getDriver()" is null
at com.Capium.Utilities.HelperClass.openPage(HelperClass.java:74)
at com.Capium.PracticeManagement.stepFiles.Login_Stepdef.enter_the_application_url(Login_Stepdef.java:35)
at ✽.Enter the application URL "URL"(file:///C:/Users/user/Capium/PracticeManagement/src/test/resources/Features/LoginPage.feature:5)
]]>
    </failure>
  </testcase> <!-- runScenario -->
</testsuite> <!-- Default test -->
