<?xml version="1.0" encoding="UTF-8"?>
<!-- Generated by org.testng.reporters.JUnitReportReporter -->
<testsuite hostname="DESKTOP-3PKNHUN" failures="0" tests="16" name="com.Capium.RunnerFiles.Login4_runner" time="389.382" errors="1" timestamp="2025-11-06T15:47:42 IST" skipped="0">
  <testcase classname="com.Capium.RunnerFiles.Login4_runner" name="runScenario" time="12.247"/>
  <testcase classname="com.Capium.RunnerFiles.Login4_runner" name="runScenario" time="19.659"/>
  <testcase classname="com.Capium.RunnerFiles.Login4_runner" name="runScenario" time="23.845"/>
  <testcase classname="com.Capium.RunnerFiles.Login4_runner" name="runScenario" time="26.329"/>
  <testcase classname="com.Capium.RunnerFiles.Login4_runner" name="runScenario" time="25.048"/>
  <testcase classname="com.Capium.RunnerFiles.Login4_runner" name="runScenario" time="23.641"/>
  <testcase classname="com.Capium.RunnerFiles.Login4_runner" name="runScenario" time="13.935"/>
  <testcase classname="com.Capium.RunnerFiles.Login4_runner" name="runScenario" time="49.411"/>
  <testcase classname="com.Capium.RunnerFiles.Login4_runner" name="runScenario" time="12.891"/>
  <testcase classname="com.Capium.RunnerFiles.Login4_runner" name="runScenario" time="17.979"/>
  <testcase classname="com.Capium.RunnerFiles.Login4_runner" name="runScenario" time="45.480"/>
  <testcase classname="com.Capium.RunnerFiles.Login4_runner" name="runScenario" time="27.161"/>
  <testcase classname="com.Capium.RunnerFiles.Login4_runner" name="runScenario" time="17.465"/>
  <testcase classname="com.Capium.RunnerFiles.Login4_runner" name="runScenario" time="8.280">
    <error message="Unknown environment: https://account.capium.com/account/login" type="java.lang.RuntimeException">
      <![CDATA[java.lang.RuntimeException: Unknown environment: https://account.capium.com/account/login
at com.Capium.Stepdefination.Login_Stepdef.enter_credentials_in_respective_fields(Login_Stepdef.java:79)
at âœ½.Enter credentials in respective fields(file:///D:/Core%20Modules/SAMTD/src/test/resources/Features/LoginPage.feature:21)
]]>
    </error>
  </testcase> <!-- runScenario -->
  <testcase classname="com.Capium.RunnerFiles.Login4_runner" name="runScenario" time="48.949"/>
  <testcase classname="com.Capium.RunnerFiles.Login4_runner" name="runScenario" time="17.062"/>
</testsuite> <!-- com.Capium.RunnerFiles.Login4_runner -->
